c:\winapi_circus\circusgame\circusgame\x64\debug\vc143.pdb
c:\winapi_circus\circusgame\circusgame\x64\debug\vc143.idb
c:\winapi_circus\circusgame\circusgame\x64\debug\gamemanager.obj
c:\winapi_circus\circusgame\circusgame\x64\debug\bitmapmanager.obj
c:\winapi_circus\circusgame\circusgame\x64\debug\bitmap.obj
c:\winapi_circus\circusgame\circusgame\x64\debug\circusgame.obj
c:\winapi_circus\circusgame\circusgame\x64\debug\player.obj
c:\winapi_circus\circusgame\circusgame\x64\debug\circusgame.res
c:\winapi_circus\circusgame\x64\debug\circusgame.pdb
c:\winapi_circus\circusgame\circusgame\x64\debug\circusgame.tlog\cl.command.1.tlog
c:\winapi_circus\circusgame\circusgame\x64\debug\circusgame.tlog\cl.read.1.tlog
c:\winapi_circus\circusgame\circusgame\x64\debug\circusgame.tlog\cl.write.1.tlog
c:\winapi_circus\circusgame\circusgame\x64\debug\circusgame.tlog\link-cvtres.read.1.tlog
c:\winapi_circus\circusgame\circusgame\x64\debug\circusgame.tlog\link-cvtres.write.1.tlog
c:\winapi_circus\circusgame\circusgame\x64\debug\circusgame.tlog\link-rc.read.1.tlog
c:\winapi_circus\circusgame\circusgame\x64\debug\circusgame.tlog\link-rc.write.1.tlog
c:\winapi_circus\circusgame\circusgame\x64\debug\circusgame.tlog\link.21828-cvtres.read.1.tlog
c:\winapi_circus\circusgame\circusgame\x64\debug\circusgame.tlog\link.21828-cvtres.write.1.tlog
c:\winapi_circus\circusgame\circusgame\x64\debug\circusgame.tlog\link.21828-rc.read.1.tlog
c:\winapi_circus\circusgame\circusgame\x64\debug\circusgame.tlog\link.21828-rc.write.1.tlog
c:\winapi_circus\circusgame\circusgame\x64\debug\circusgame.tlog\link.21828.read.1.tlog
c:\winapi_circus\circusgame\circusgame\x64\debug\circusgame.tlog\link.21828.read.2.tlog
c:\winapi_circus\circusgame\circusgame\x64\debug\circusgame.tlog\link.21828.write.1.tlog
c:\winapi_circus\circusgame\circusgame\x64\debug\circusgame.tlog\link.command.1.tlog
c:\winapi_circus\circusgame\circusgame\x64\debug\circusgame.tlog\link.read.1.tlog
c:\winapi_circus\circusgame\circusgame\x64\debug\circusgame.tlog\link.read.2.tlog
c:\winapi_circus\circusgame\circusgame\x64\debug\circusgame.tlog\link.read.3.tlog
c:\winapi_circus\circusgame\circusgame\x64\debug\circusgame.tlog\link.write.1.tlog
c:\winapi_circus\circusgame\circusgame\x64\debug\circusgame.tlog\rc.command.1.tlog
c:\winapi_circus\circusgame\circusgame\x64\debug\circusgame.tlog\rc.read.1.tlog
c:\winapi_circus\circusgame\circusgame\x64\debug\circusgame.tlog\rc.write.1.tlog
